[18:58:23] [ServerMain/INFO]: Environment: Environment[sessionHost=https://sessionserver.mojang.com, servicesHost=https://api.minecraftservices.com, name=PROD]
[18:58:25] [ServerMain/INFO]: Loaded 7 recipes
[18:58:25] [ServerMain/INFO]: Loaded 1271 advancements
[18:58:25] [Server thread/INFO]: Starting minecraft server version 1.20.4
[18:58:25] [Server thread/INFO]: Loading properties
[18:58:25] [Server thread/INFO]: Default game type: SURVIVAL
[18:58:25] [Server thread/INFO]: Generating keypair
[18:58:26] [Server thread/INFO]: Starting Minecraft server on *:25565
[18:58:26] [Server thread/INFO]: Using epoll channel type
[18:58:26] [Server thread/WARN]: **** SERVER IS RUNNING IN OFFLINE/INSECURE MODE!
[18:58:26] [Server thread/WARN]: The server will make no attempt to authenticate usernames. Beware.
[18:58:26] [Server thread/WARN]: While this makes the game possible to play without internet access, it also opens up the ability for hackers to connect with any username they choose.
[18:58:26] [Server thread/WARN]: To change this, set "online-mode" to "true" in the server.properties file.
[18:58:26] [Server thread/INFO]: Preparing level "world"
[18:58:28] [Server thread/INFO]: Preparing start region for dimension minecraft:overworld
[18:58:32] [Worker-Main-3/INFO]: Preparing spawn area: 0%
[18:58:32] [Worker-Main-3/INFO]: Preparing spawn area: 0%
[18:58:32] [Worker-Main-3/INFO]: Preparing spawn area: 0%
[18:58:32] [Worker-Main-1/INFO]: Preparing spawn area: 0%
[18:58:32] [Worker-Main-1/INFO]: Preparing spawn area: 0%
[18:58:32] [Worker-Main-1/INFO]: Preparing spawn area: 0%
[18:58:32] [Worker-Main-1/INFO]: Preparing spawn area: 0%
[18:58:32] [Worker-Main-1/INFO]: Preparing spawn area: 0%
[18:58:32] [Worker-Main-3/INFO]: Preparing spawn area: 0%
[18:58:33] [Worker-Main-2/INFO]: Preparing spawn area: 0%
[18:58:33] [Worker-Main-3/INFO]: Preparing spawn area: 0%
[18:58:34] [Worker-Main-2/INFO]: Preparing spawn area: 15%
[18:58:34] [Server thread/INFO]: Time elapsed: 5945 ms
[18:58:34] [Server thread/INFO]: Done (8.510s)! For help, type "help"
[18:58:59] [Server thread/INFO]: Ricardo20104[/[0:0:0:0:0:0:0:1%0]:59480] logged in with entity id 76 at (1609.9783333726202, 69.0, -12223.428831606629)
[18:58:59] [Server thread/INFO]: Ricardo20104 joined the game
[18:59:34] [Server thread/INFO]: jurandir97[/[0:0:0:0:0:0:0:1%0]:42764] logged in with entity id 453 at (1515.00697238381, 68.0, -12272.69828863744)
[18:59:34] [Server thread/INFO]: jurandir97 joined the game
[19:00:38] [Server thread/INFO]: [Not Secure] <Ricardo20104> chupapinga
[19:00:41] [Server thread/INFO]: [Not Secure] <Ricardo20104> entra a discorrd
[19:01:15] [Server thread/INFO]: [Not Secure] <jurandir97> no
[19:02:34] [Server thread/INFO]: [Not Secure] <jurandir97> prendi, un cigarrillo
[19:02:46] [Server thread/INFO]: [Not Secure] <jurandir97> y llore tanto como si, fuera un niño
[19:02:57] [Server thread/INFO]: [Not Secure] <jurandir97> y una triste expresion, solo queda en mi
[19:03:04] [Server thread/INFO]: [Not Secure] <jurandir97> q buena cancin csmr
[19:03:06] [Server thread/INFO]: Thom[/[0:0:0:0:0:0:0:1%0]:45224] logged in with entity id 1075 at (1494.4928849995042, 78.0, -12236.050933172792)
[19:03:06] [Server thread/INFO]: Thom joined the game
[19:03:14] [Server thread/INFO]: [Not Secure] <Thom> alo?
[19:03:24] [Server thread/INFO]: [Not Secure] <Thom> entra al discord oe cabrU
[19:03:28] [Server thread/INFO]: [Not Secure] <jurandir97> no cmtr
[19:03:33] [Server thread/INFO]: [Not Secure] <Thom> xq
[19:03:41] [Server thread/INFO]: [Not Secure] <jurandir97> disfruta el silencio
[19:06:13] [Server thread/INFO]: [Not Secure] <Thom> que tienes mi amor¿?
[19:06:27] [Server thread/INFO]: [Not Secure] <jurandir97> un dias de mrd
[19:06:41] [Server thread/INFO]: [Not Secure] <Thom> y un beso te ayudaria?
[19:06:47] [Server thread/INFO]: [Not Secure] <jurandir97> presencial
[19:06:54] [Server thread/INFO]: [Not Secure] <jurandir97> x a la distancia no
[19:07:00] [Server thread/INFO]: [Not Secure] <Thom> JAJAJAJAJA CTMRE
[19:07:04] [Server thread/INFO]: [Not Secure] <Thom> T.T
[19:11:19] [Server thread/INFO]: [Not Secure] <Thom> JA9
[19:11:22] [Server thread/INFO]: [Not Secure] <Thom> COMO VA SER
[19:11:25] [Server thread/INFO]: [Not Secure] <jurandir97> q
[19:11:26] [Server thread/INFO]: [Not Secure] <Thom> ARRIBA
[19:11:31] [Server thread/INFO]: [Not Secure] <Thom> Y ABAJO QUE IRAN?
[19:11:38] [Server thread/INFO]: [Not Secure] <jurandir97> nose
[19:11:41] [Server thread/INFO]: [Not Secure] <Thom> LA CSM
[19:11:43] [Server thread/INFO]: [Not Secure] <jurandir97> lo q pida ricardo
[19:11:57] [Server thread/INFO]: [Not Secure] <jurandir97> arriba es el cine y la sala de juegos
[19:12:16] [Server thread/INFO]: [Not Secure] <jurandir97> desahuevate ctrm
[19:12:23] [Server thread/INFO]: [Not Secure] <jurandir97> no me vallas a empujar
[19:13:31] [Server thread/INFO]: [Not Secure] <Thom> TOMA
[19:13:46] [Server thread/INFO]: [Not Secure] <jurandir97> estos son abetos
[19:13:53] [Server thread/INFO]: [Not Secure] <Thom> a
[19:14:07] [Server thread/INFO]: [Not Secure] <Thom> no es roble oscuro
[19:14:08] [Server thread/INFO]: [Not Secure] <Thom> diablo
[19:14:12] [Server thread/INFO]: [Not Secure] <jurandir97> mejor pienso en otra cosa
[19:15:18] [Server thread/INFO]: [Not Secure] <Thom> pasa pidra
[19:15:26] [Server thread/INFO]: [Not Secure] <jurandir97> en el cofre hay
[19:15:35] [Server thread/INFO]: [Not Secure] <jurandir97> el de arriba
[19:16:44] [Server thread/INFO]: [Not Secure] <Thom> ven perra
[19:16:51] [Server thread/INFO]: [Not Secure] <jurandir97> pa donde
[19:16:51] [Server thread/INFO]: [Not Secure] <Thom> lo sigo?
[19:17:04] [Server thread/INFO]: [Not Secure] <jurandir97> sigue la linea
[19:17:07] [Server thread/INFO]: [Not Secure] <Ricardo20104> oe jurandir de mrd
[19:17:13] [Server thread/INFO]: [Not Secure] <jurandir97> q
[19:17:16] [Server thread/INFO]: [Not Secure] <Ricardo20104> entra al discord p mamapinga
[19:17:23] [Server thread/INFO]: [Not Secure] <jurandir97> no pinga
[19:17:41] [Server thread/INFO]: [Not Secure] <jurandir97> ahora se ve mas decente
[19:17:58] [Server thread/INFO]: [Not Secure] <jurandir97> antony
[19:18:04] [Server thread/INFO]: [Not Secure] <Thom> eu
[19:18:05] [Server thread/INFO]: [Not Secure] <jurandir97> aca van a ser los acensores
[19:18:08] [Server thread/INFO]: [Not Secure] <jurandir97> mira
[19:18:29] [Server thread/INFO]: [Not Secure] <jurandir97> uno q valla al 2do
[19:18:37] [Server thread/INFO]: [Not Secure] <jurandir97> y otro q valla al 3ero
[19:19:06] [Server thread/INFO]: [Not Secure] <Thom> de gua
[19:19:08] [Server thread/INFO]: [Not Secure] <Thom> agua?
[19:20:29] [Server thread/INFO]: [Not Secure] <jurandir97> si
[19:21:40] [Server thread/INFO]: [Ricardo20104: Set the weather to rain & thunder]
[19:21:49] [Server thread/INFO]: [Ricardo20104: Set the weather to clear]
[19:26:06] [Server thread/INFO]: [Not Secure] <Thom> ctm
[19:26:10] [Server thread/INFO]: [Not Secure] <jurandir97> tarado
[19:26:16] [Server thread/WARN]: Thom moved wrongly!
[19:30:08] [Server thread/INFO]: [Not Secure] <jurandir97> la clara kchera
[19:30:17] [Server thread/INFO]: [Not Secure] <Ricardo20104> la abuela chupapinga
[19:30:22] [Server thread/INFO]: [Not Secure] <Thom> rika las 2
[19:30:23] [Server thread/INFO]: [Not Secure] <Thom> mmm
[19:30:29] [Server thread/INFO]: [Not Secure] <Ricardo20104> le meto el andador por el culote que tiene
[19:30:32] [Server thread/INFO]: [Not Secure] <Ricardo20104> la marlona
[19:35:37] [Server thread/INFO]: [Not Secure] <Thom> xq las cosas redondas se guardan en cosas cuadradas?
[19:36:56] [Server thread/INFO]: [Not Secure] <jurandir97> piensa bien lo q vas a hacer
[19:38:19] [Server thread/INFO]: [Not Secure] <Ricardo20104> juri muy monotono esta piedra
[19:38:24] [Server thread/INFO]: [Not Secure] <Ricardo20104> los ladrillos
[19:38:30] [Server thread/INFO]: [Not Secure] <jurandir97> q propones
[19:38:30] [Server thread/INFO]: [Not Secure] <Ricardo20104> debe tener algo que lo rompa
[19:38:50] [Server thread/INFO]: [Not Secure] <Ricardo20104> la blackstone
[19:38:54] [Server thread/INFO]: [Not Secure] <jurandir97> xd
[19:38:58] [Server thread/INFO]: [Not Secure] <jurandir97> otra cosa
[19:40:07] [Server thread/INFO]: [Not Secure] <jurandir97> la marlene
[19:40:11] [Server thread/INFO]: [Not Secure] <jurandir97> encima de mis bolas
[19:40:31] [Server thread/INFO]: [Not Secure] <Thom> amor y paz
[19:40:37] [Server thread/INFO]: [Not Secure] <Thom> mentira
[19:40:53] [Server thread/INFO]: [Not Secure] <jurandir97> a tu madre le voy a hacer el amor y a tu culo no le voy a dar paz
[19:41:03] [Server thread/INFO]: [Not Secure] <Thom> causa
[19:41:04] [Server thread/INFO]: [Not Secure] <Thom> las papas
[19:41:12] [Server thread/INFO]: [Not Secure] <Thom> xq las saca
[19:43:43] [Server thread/INFO]: [Not Secure] <jurandir97> esa vagoneta va mas lenta q tramite del gobierno
[19:43:52] [Server thread/INFO]: [Not Secure] <Thom> metele semen p
[19:44:01] [Server thread/INFO]: [Not Secure] <jurandir97> osea
[19:44:09] [Server thread/INFO]: [Not Secure] <jurandir97> pa ti es mas practico
[19:44:17] [Server thread/INFO]: [Not Secure] <jurandir97> que se rodee toda la vuelta
[19:44:24] [Server thread/INFO]: [Not Secure] <jurandir97> en vez de cortar camino
[19:44:31] [Server thread/INFO]: [Not Secure] <jurandir97> imbecil de mrd
[19:44:31] [Server thread/INFO]: [Not Secure] <Thom> has lo p
[19:47:34] [Server thread/INFO]: [Not Secure] <Thom> oe
[19:47:41] [Server thread/INFO]: [Not Secure] <Thom> e l t e c h o ?
[19:47:51] [Server thread/INFO]: [Not Secure] <Thom> q a l t u r a?
[19:49:02] [Server thread/INFO]: [Not Secure] <jurandir97> voy a ierme 20 minutos
[19:49:07] [Server thread/INFO]: [Not Secure] <jurandir97> van a seguir?
[19:49:42] [Server thread/INFO]: jurandir97 lost connection: Disconnected
[19:49:42] [Server thread/INFO]: jurandir97 left the game
[20:10:31] [Server thread/INFO]: jurandir97[/[0:0:0:0:0:0:0:1%0]:55774] logged in with entity id 16470 at (1539.699999988079, 57.0, -12233.963048800173)
[20:10:31] [Server thread/INFO]: jurandir97 joined the game
[20:10:53] [Server thread/INFO]: [Not Secure] <jurandir97> hola
[20:10:58] [Server thread/INFO]: [Not Secure] <Thom> hola
[20:11:00] [Server thread/INFO]: [Not Secure] <jurandir97> y tu como te llamas?
[20:11:22] [Server thread/INFO]: [Not Secure] <Thom> habra 3 piso?
[20:11:26] [Server thread/INFO]: [Not Secure] <jurandir97> si
[20:11:32] [Server thread/INFO]: [Not Secure] <Thom> que esperas
[20:11:38] [Server thread/INFO]: [Not Secure] <jurandir97> pera p mrd
[20:13:56] [Server thread/INFO]: [Not Secure] <Thom> ya vuelvo
[20:13:58] [Server thread/INFO]: Thom lost connection: Disconnected
[20:13:58] [Server thread/INFO]: Thom left the game
[20:20:50] [Server thread/INFO]: [Not Secure] <jurandir97> duerme
[20:23:49] [Server thread/INFO]: [Not Secure] <Ricardo20104> A MIMIR
[20:23:59] [Server thread/INFO]: [Not Secure] <jurandir97> cuando quieres nomas
[20:24:32] [Server thread/INFO]: Thom[/[0:0:0:0:0:0:0:1%0]:35082] logged in with entity id 18736 at (1514.434110074157, 61.0, -12218.930958028126)
[20:24:32] [Server thread/INFO]: Thom joined the game
[20:24:44] [Server thread/INFO]: [Ricardo20104: Set own game mode to Spectator Mode]
[20:26:48] [Server thread/INFO]: Thom lost connection: Disconnected
[20:26:48] [Server thread/INFO]: Thom left the game
[20:37:19] [Server thread/INFO]: Thom[/[0:0:0:0:0:0:0:1%0]:33258] logged in with entity id 21441 at (1515.2723788121514, 61.0, -12230.36551077879)
[20:37:19] [Server thread/INFO]: Thom joined the game
[20:37:22] [Server thread/INFO]: [Not Secure] <Thom> hola
[20:41:15] [Server thread/INFO]: [Not Secure] <jurandir97> la puta q te pario
[20:41:17] [Server thread/INFO]: [Not Secure] <Thom> ups
[20:41:21] [Server thread/INFO]: [Not Secure] <Thom> xd
[20:41:30] [Server thread/INFO]: [Not Secure] <Thom> q haces?
[20:41:37] [Server thread/INFO]: [Not Secure] <jurandir97> kachaadome a tu vieja
[20:41:41] [Server thread/INFO]: [Not Secure] <Thom> un clasico
[20:41:43] [Server thread/INFO]: [Not Secure] <Thom> habla
[20:41:47] [Server thread/INFO]: [Not Secure] <jurandir97> de todos los dias
[20:41:51] [Server thread/INFO]: [Not Secure] <jurandir97> el techo p webon
[20:42:00] [Server thread/INFO]: [Not Secure] <jurandir97> el cortapiedras
[20:42:37] [Server thread/INFO]: [Not Secure] <Thom> t ayiudo
[20:42:45] [Server thread/INFO]: [Not Secure] <Thom> aqui esta ven
[20:42:45] [Server thread/INFO]: [Not Secure] <jurandir97> haz vidrio
[20:43:33] [Server thread/INFO]: [Not Secure] <Thom> ese conchasumare ta roncando
[20:43:35] [Server thread/INFO]: [Not Secure] <Thom> xD
[20:43:35] [Server thread/INFO]: [Not Secure] <jurandir97> el vidrio
[20:46:34] [Server thread/INFO]: [Not Secure] <Thom> que le falta al techo?
[20:47:59] [Server thread/INFO]: [Not Secure] <jurandir97> vidrio
[20:48:03] [Server thread/INFO]: [Not Secure] <Thom> ariba
[20:48:09] [Server thread/INFO]: [Not Secure] <jurandir97> vidrio p
[20:49:15] [Server thread/INFO]: [Not Secure] <Thom> ya estan todos los aldeanos
[20:49:19] [Server thread/INFO]: [Not Secure] <jurandir97> no
[20:49:22] [Server thread/INFO]: [Not Secure] <Thom> si
[20:49:25] [Server thread/INFO]: [Not Secure] <jurandir97> falta el 3er piso
[20:49:28] [Server thread/INFO]: [Not Secure] <Thom> :_:
[20:49:41] [Server thread/INFO]: [Not Secure] <jurandir97> no te quejes
[20:49:48] [Server thread/INFO]: [Not Secure] <jurandir97> faltan 4 pisos hacia abajo
[20:50:46] [Server thread/INFO]: [Not Secure] <Thom> xDDDDDD
[20:50:51] [Server thread/INFO]: [Not Secure] <Thom> LOS HARAN UTDS CSM
[20:51:00] [Server thread/INFO]: [Not Secure] <Thom> CUCHAO
[20:51:01] [Server thread/INFO]: [Not Secure] <jurandir97> causa
[20:51:09] [Server thread/INFO]: [Not Secure] <jurandir97> me cago en tus muertos
[20:51:14] [Server thread/INFO]: [Not Secure] <Thom> YA ESPAÑOL
[20:51:19] [Server thread/INFO]: jurandir97 was slain by Thom using [Gabu]
[20:51:23] [Server thread/INFO]: [Not Secure] <Thom> DIABLO
[20:51:33] [Server thread/INFO]: [Not Secure] <Thom> T
[20:51:48] [Server thread/INFO]: [Not Secure] <jurandir97> cuida tu casa nomas
[20:51:54] [Server thread/INFO]: [Not Secure] <Thom> JAJAJA que lloron
[20:52:06] [Server thread/INFO]: [Not Secure] <jurandir97> cuida todo lo q sea tuyo
[20:52:11] [Server thread/INFO]: [Not Secure] <Thom> jajajajaja
[20:52:25] [Server thread/INFO]: [Not Secure] <Thom> me perdonas?
[20:53:20] [Server thread/INFO]: [Not Secure] <Thom> oe donde cierra el techo?
[20:53:30] [Server thread/INFO]: [Not Secure] <jurandir97> el vidrio primero
[20:53:32] [Server thread/INFO]: [Not Secure] <Thom> esos 3 no mas?
[20:53:37] [Server thread/INFO]: [Not Secure] <Thom> por eso
[20:53:38] [Server thread/INFO]: [Not Secure] <jurandir97> 3q?
[20:53:44] [Server thread/INFO]: [Not Secure] <Thom> el vidrio va encima o en el 3ero
[20:53:49] [Server thread/INFO]: [Not Secure] <jurandir97> si
[20:53:53] [Server thread/INFO]: [Not Secure] <Thom> si q
[20:54:04] [Server thread/INFO]: [Not Secure] <jurandir97> mano
[20:54:09] [Server thread/INFO]: [Not Secure] <jurandir97> solo trae el vidrio
[21:02:02] [Server thread/INFO]: [Not Secure] <Thom> cristiano o messi=?
[21:02:49] [Server thread/INFO]: Ricardo20104 lost connection: Disconnected
[21:02:49] [Server thread/INFO]: Ricardo20104 left the game
[21:02:56] [Server thread/INFO]: [Not Secure] <Thom> ya me jalo mu chamo , mas tarde vuelvo
[21:02:57] [Server thread/INFO]: Thom lost connection: Disconnected
[21:02:57] [Server thread/INFO]: Thom left the game
[21:44:03] [Server thread/INFO]: Ricardo20104[/[0:0:0:0:0:0:0:1%0]:38922] logged in with entity id 32637 at (1505.0719313854117, 68.85769547183185, -12249.732781575764)
[21:44:03] [Server thread/INFO]: Ricardo20104 joined the game
[21:44:46] [Server thread/INFO]: Ricardo20104 lost connection: Disconnected
[21:44:46] [Server thread/INFO]: Ricardo20104 left the game
